{"C:\\Applic\\Server\\DBNode-4.0.0-beta-3\\htdocs\\__Projects\\xassist\\submodules\\xassist-ajax\\dist\\xassist-ajax.js":{"path":"C:\\Applic\\Server\\DBNode-4.0.0-beta-3\\htdocs\\__Projects\\xassist\\submodules\\xassist-ajax\\dist\\xassist-ajax.js","s":{"1":1,"2":1,"3":1,"4":1,"5":7,"6":0,"7":0,"8":1,"9":1,"10":1,"11":0,"12":1,"13":0,"14":7,"15":7,"16":7,"17":0,"18":1,"19":0,"20":0,"21":0,"22":0,"23":0,"24":0,"25":0,"26":0,"27":1,"28":6,"29":6,"30":6,"31":0,"32":0,"33":0,"34":0,"35":0,"36":0,"37":0,"38":0,"39":0,"40":0,"41":3,"42":3,"43":3,"44":3,"45":6,"46":6,"47":2,"48":2,"49":2,"50":2,"51":2,"52":1,"53":1,"54":5,"55":0,"56":6,"57":1,"58":6,"59":6,"60":6,"61":6,"62":6,"63":6,"64":6,"65":6,"66":6,"67":6,"68":6,"69":6,"70":1,"71":3,"72":2,"73":3,"74":0,"75":3,"76":1,"77":3,"78":2,"79":3,"80":0,"81":3,"82":1,"83":6,"84":5,"85":6,"86":0,"87":6,"88":1,"89":2,"90":1,"91":2,"92":2,"93":1,"94":6,"95":1,"96":7,"97":7,"98":7,"99":7,"100":1,"101":6,"102":6,"103":6,"104":6,"105":1,"106":12,"107":1,"108":0,"109":1,"110":18,"111":18,"112":6,"113":6,"114":6,"115":12,"116":6,"117":6,"118":6,"119":6,"120":2,"121":2,"122":6,"123":2,"124":4,"125":6,"126":1,"127":2,"128":2,"129":0,"130":0,"131":0,"132":0,"133":2,"134":2,"135":1,"136":18,"137":18,"138":24,"139":24,"140":16,"141":1,"142":1},"b":{"1":[1,0],"2":[1,1],"3":[0,0],"4":[0,0],"5":[0,0],"6":[7,0],"7":[7,7],"8":[0,0],"9":[0,0],"10":[0,0],"11":[0,0],"12":[0,0],"13":[0,0],"14":[0,0],"15":[0,0],"16":[0,0],"17":[2,1],"18":[1,1],"19":[6,0],"20":[0,6],"21":[6,0],"22":[6,6],"23":[6,6],"24":[2,1],"25":[0,3],"26":[3,0],"27":[2,1],"28":[0,3],"29":[3,0],"30":[5,1],"31":[0,6],"32":[1,1],"33":[0,2],"34":[7,0],"35":[6,12],"36":[6,6],"37":[2,4],"38":[6,6],"39":[2,4],"40":[0,2],"41":[24,0]},"f":{"1":1,"2":1,"3":1,"4":7,"5":0,"6":0,"7":7,"8":0,"9":6,"10":0,"11":3,"12":3,"13":6,"14":2,"15":2,"16":2,"17":5,"18":0,"19":6,"20":3,"21":3,"22":6,"23":2,"24":6,"25":7,"26":6,"27":12,"28":0,"29":18,"30":2,"31":18,"32":16},"fnMap":{"1":{"name":"(anonymous_1)","line":7,"loc":{"start":{"line":7,"column":1},"end":{"line":7,"column":28}}},"2":{"name":"(anonymous_2)","line":11,"loc":{"start":{"line":11,"column":9},"end":{"line":11,"column":28}}},"3":{"name":"(anonymous_3)","line":13,"loc":{"start":{"line":13,"column":16},"end":{"line":13,"column":28}}},"4":{"name":"(anonymous_4)","line":15,"loc":{"start":{"line":15,"column":3},"end":{"line":15,"column":15}}},"5":{"name":"(anonymous_5)","line":18,"loc":{"start":{"line":18,"column":3},"end":{"line":18,"column":15}}},"6":{"name":"(anonymous_6)","line":21,"loc":{"start":{"line":21,"column":3},"end":{"line":21,"column":15}}},"7":{"name":"(anonymous_7)","line":38,"loc":{"start":{"line":38,"column":19},"end":{"line":38,"column":39}}},"8":{"name":"getAbsoluteURL","line":51,"loc":{"start":{"line":51,"column":1},"end":{"line":51,"column":39}}},"9":{"name":"xassistAjax","line":67,"loc":{"start":{"line":67,"column":1},"end":{"line":67,"column":31}}},"10":{"name":"(anonymous_10)","line":71,"loc":{"start":{"line":71,"column":6},"end":{"line":71,"column":32}}},"11":{"name":"(anonymous_11)","line":89,"loc":{"start":{"line":89,"column":11},"end":{"line":89,"column":31}}},"12":{"name":"(anonymous_12)","line":93,"loc":{"start":{"line":93,"column":8},"end":{"line":93,"column":28}}},"13":{"name":"(anonymous_13)","line":97,"loc":{"start":{"line":97,"column":10},"end":{"line":97,"column":30}}},"14":{"name":"(anonymous_14)","line":101,"loc":{"start":{"line":101,"column":14},"end":{"line":101,"column":34}}},"15":{"name":"(anonymous_15)","line":105,"loc":{"start":{"line":105,"column":15},"end":{"line":105,"column":25}}},"16":{"name":"(anonymous_16)","line":106,"loc":{"start":{"line":106,"column":15},"end":{"line":106,"column":31}}},"17":{"name":"(anonymous_17)","line":115,"loc":{"start":{"line":115,"column":15},"end":{"line":115,"column":25}}},"18":{"name":"(anonymous_18)","line":116,"loc":{"start":{"line":116,"column":17},"end":{"line":116,"column":27}}},"19":{"name":"AJAXHandler","line":121,"loc":{"start":{"line":121,"column":1},"end":{"line":121,"column":31}}},"20":{"name":"(anonymous_20)","line":144,"loc":{"start":{"line":144,"column":41},"end":{"line":144,"column":67}}},"21":{"name":"(anonymous_21)","line":159,"loc":{"start":{"line":159,"column":38},"end":{"line":159,"column":64}}},"22":{"name":"(anonymous_22)","line":174,"loc":{"start":{"line":174,"column":40},"end":{"line":174,"column":66}}},"23":{"name":"(anonymous_23)","line":189,"loc":{"start":{"line":189,"column":42},"end":{"line":189,"column":68}}},"24":{"name":"(anonymous_24)","line":204,"loc":{"start":{"line":204,"column":38},"end":{"line":204,"column":48}}},"25":{"name":"(anonymous_25)","line":212,"loc":{"start":{"line":212,"column":38},"end":{"line":212,"column":48}}},"26":{"name":"(anonymous_26)","line":219,"loc":{"start":{"line":219,"column":28},"end":{"line":219,"column":40}}},"27":{"name":"(anonymous_27)","line":234,"loc":{"start":{"line":234,"column":38},"end":{"line":234,"column":53}}},"28":{"name":"(anonymous_28)","line":237,"loc":{"start":{"line":237,"column":38},"end":{"line":237,"column":48}}},"29":{"name":"(anonymous_29)","line":240,"loc":{"start":{"line":240,"column":39},"end":{"line":240,"column":49}}},"30":{"name":"(anonymous_30)","line":272,"loc":{"start":{"line":272,"column":33},"end":{"line":272,"column":51}}},"31":{"name":"(anonymous_31)","line":290,"loc":{"start":{"line":290,"column":39},"end":{"line":290,"column":62}}},"32":{"name":"(anonymous_32)","line":294,"loc":{"start":{"line":294,"column":37},"end":{"line":294,"column":49}}}},"statementMap":{"1":{"start":{"line":7,"column":0},"end":{"line":343,"column":5}},"2":{"start":{"line":8,"column":1},"end":{"line":10,"column":42}},"3":{"start":{"line":13,"column":0},"end":{"line":49,"column":73}},"4":{"start":{"line":14,"column":2},"end":{"line":24,"column":4}},"5":{"start":{"line":16,"column":4},"end":{"line":16,"column":32}},"6":{"start":{"line":19,"column":4},"end":{"line":19,"column":54}},"7":{"start":{"line":22,"column":4},"end":{"line":22,"column":57}},"8":{"start":{"line":25,"column":2},"end":{"line":34,"column":3}},"9":{"start":{"line":26,"column":3},"end":{"line":30,"column":4}},"10":{"start":{"line":27,"column":4},"end":{"line":27,"column":17}},"11":{"start":{"line":29,"column":4},"end":{"line":29,"column":13}},"12":{"start":{"line":33,"column":3},"end":{"line":33,"column":21}},"13":{"start":{"line":36,"column":2},"end":{"line":36,"column":66}},"14":{"start":{"line":39,"column":2},"end":{"line":41,"column":38}},"15":{"start":{"line":42,"column":2},"end":{"line":44,"column":3}},"16":{"start":{"line":43,"column":3},"end":{"line":43,"column":24}},"17":{"start":{"line":45,"column":2},"end":{"line":45,"column":37}},"18":{"start":{"line":51,"column":1},"end":{"line":66,"column":2}},"19":{"start":{"line":52,"column":2},"end":{"line":58,"column":18}},"20":{"start":{"line":59,"column":2},"end":{"line":59,"column":33}},"21":{"start":{"line":60,"column":2},"end":{"line":60,"column":22}},"22":{"start":{"line":61,"column":2},"end":{"line":61,"column":32}},"23":{"start":{"line":63,"column":2},"end":{"line":64,"column":38}},"24":{"start":{"line":63,"column":16},"end":{"line":63,"column":41}},"25":{"start":{"line":64,"column":7},"end":{"line":64,"column":38}},"26":{"start":{"line":65,"column":2},"end":{"line":65,"column":22}},"27":{"start":{"line":67,"column":1},"end":{"line":119,"column":2}},"28":{"start":{"line":68,"column":2},"end":{"line":68,"column":41}},"29":{"start":{"line":69,"column":2},"end":{"line":69,"column":9}},"30":{"start":{"line":70,"column":2},"end":{"line":117,"column":4}},"31":{"start":{"line":72,"column":4},"end":{"line":86,"column":5}},"32":{"start":{"line":73,"column":5},"end":{"line":73,"column":44}},"33":{"start":{"line":75,"column":9},"end":{"line":86,"column":5}},"34":{"start":{"line":76,"column":5},"end":{"line":76,"column":41}},"35":{"start":{"line":78,"column":9},"end":{"line":86,"column":5}},"36":{"start":{"line":79,"column":5},"end":{"line":79,"column":45}},"37":{"start":{"line":81,"column":9},"end":{"line":86,"column":5}},"38":{"start":{"line":82,"column":5},"end":{"line":82,"column":43}},"39":{"start":{"line":85,"column":5},"end":{"line":85,"column":56}},"40":{"start":{"line":87,"column":4},"end":{"line":87,"column":14}},"41":{"start":{"line":90,"column":4},"end":{"line":90,"column":43}},"42":{"start":{"line":91,"column":4},"end":{"line":91,"column":14}},"43":{"start":{"line":94,"column":4},"end":{"line":94,"column":40}},"44":{"start":{"line":95,"column":4},"end":{"line":95,"column":14}},"45":{"start":{"line":98,"column":4},"end":{"line":98,"column":42}},"46":{"start":{"line":99,"column":4},"end":{"line":99,"column":14}},"47":{"start":{"line":102,"column":4},"end":{"line":102,"column":44}},"48":{"start":{"line":103,"column":4},"end":{"line":103,"column":14}},"49":{"start":{"line":105,"column":26},"end":{"line":105,"column":55}},"50":{"start":{"line":108,"column":4},"end":{"line":108,"column":51}},"51":{"start":{"line":109,"column":4},"end":{"line":111,"column":5}},"52":{"start":{"line":110,"column":5},"end":{"line":110,"column":38}},"53":{"start":{"line":113,"column":4},"end":{"line":113,"column":31}},"54":{"start":{"line":115,"column":27},"end":{"line":115,"column":42}},"55":{"start":{"line":116,"column":29},"end":{"line":116,"column":48}},"56":{"start":{"line":118,"column":2},"end":{"line":118,"column":12}},"57":{"start":{"line":121,"column":1},"end":{"line":143,"column":2}},"58":{"start":{"line":122,"column":2},"end":{"line":122,"column":73}},"59":{"start":{"line":123,"column":2},"end":{"line":128,"column":4}},"60":{"start":{"line":129,"column":2},"end":{"line":131,"column":3}},"61":{"start":{"line":130,"column":3},"end":{"line":130,"column":11}},"62":{"start":{"line":132,"column":2},"end":{"line":132,"column":15}},"63":{"start":{"line":133,"column":2},"end":{"line":133,"column":66}},"64":{"start":{"line":135,"column":2},"end":{"line":135,"column":18}},"65":{"start":{"line":136,"column":2},"end":{"line":136,"column":21}},"66":{"start":{"line":137,"column":2},"end":{"line":137,"column":24}},"67":{"start":{"line":139,"column":2},"end":{"line":139,"column":89}},"68":{"start":{"line":140,"column":2},"end":{"line":140,"column":32}},"69":{"start":{"line":142,"column":2},"end":{"line":142,"column":14}},"70":{"start":{"line":144,"column":1},"end":{"line":158,"column":3}},"71":{"start":{"line":145,"column":2},"end":{"line":147,"column":3}},"72":{"start":{"line":146,"column":3},"end":{"line":146,"column":20}},"73":{"start":{"line":149,"column":2},"end":{"line":157,"column":3}},"74":{"start":{"line":151,"column":3},"end":{"line":151,"column":45}},"75":{"start":{"line":155,"column":3},"end":{"line":155,"column":51}},"76":{"start":{"line":159,"column":1},"end":{"line":173,"column":3}},"77":{"start":{"line":160,"column":2},"end":{"line":162,"column":3}},"78":{"start":{"line":161,"column":3},"end":{"line":161,"column":20}},"79":{"start":{"line":164,"column":2},"end":{"line":172,"column":3}},"80":{"start":{"line":166,"column":3},"end":{"line":166,"column":45}},"81":{"start":{"line":170,"column":3},"end":{"line":170,"column":48}},"82":{"start":{"line":174,"column":1},"end":{"line":188,"column":3}},"83":{"start":{"line":175,"column":2},"end":{"line":177,"column":3}},"84":{"start":{"line":176,"column":3},"end":{"line":176,"column":20}},"85":{"start":{"line":179,"column":2},"end":{"line":187,"column":3}},"86":{"start":{"line":181,"column":3},"end":{"line":181,"column":45}},"87":{"start":{"line":185,"column":3},"end":{"line":185,"column":50}},"88":{"start":{"line":189,"column":1},"end":{"line":203,"column":3}},"89":{"start":{"line":190,"column":2},"end":{"line":192,"column":3}},"90":{"start":{"line":191,"column":3},"end":{"line":191,"column":20}},"91":{"start":{"line":194,"column":2},"end":{"line":202,"column":3}},"92":{"start":{"line":200,"column":3},"end":{"line":200,"column":52}},"93":{"start":{"line":204,"column":1},"end":{"line":211,"column":3}},"94":{"start":{"line":205,"column":2},"end":{"line":210,"column":4}},"95":{"start":{"line":212,"column":1},"end":{"line":218,"column":3}},"96":{"start":{"line":213,"column":2},"end":{"line":213,"column":68}},"97":{"start":{"line":214,"column":2},"end":{"line":216,"column":3}},"98":{"start":{"line":215,"column":3},"end":{"line":215,"column":52}},"99":{"start":{"line":217,"column":2},"end":{"line":217,"column":16}},"100":{"start":{"line":219,"column":1},"end":{"line":232,"column":3}},"101":{"start":{"line":220,"column":2},"end":{"line":220,"column":72}},"102":{"start":{"line":221,"column":2},"end":{"line":221,"column":45}},"103":{"start":{"line":230,"column":2},"end":{"line":230,"column":64}},"104":{"start":{"line":231,"column":2},"end":{"line":231,"column":31}},"105":{"start":{"line":234,"column":1},"end":{"line":236,"column":3}},"106":{"start":{"line":235,"column":2},"end":{"line":235,"column":45}},"107":{"start":{"line":237,"column":1},"end":{"line":239,"column":3}},"108":{"start":{"line":238,"column":2},"end":{"line":238,"column":34}},"109":{"start":{"line":240,"column":1},"end":{"line":271,"column":3}},"110":{"start":{"line":241,"column":2},"end":{"line":241,"column":18}},"111":{"start":{"line":242,"column":2},"end":{"line":253,"column":3}},"112":{"start":{"line":244,"column":3},"end":{"line":244,"column":69}},"113":{"start":{"line":245,"column":3},"end":{"line":248,"column":5}},"114":{"start":{"line":249,"column":3},"end":{"line":249,"column":10}},"115":{"start":{"line":251,"column":7},"end":{"line":253,"column":3}},"116":{"start":{"line":252,"column":3},"end":{"line":252,"column":10}},"117":{"start":{"line":255,"column":2},"end":{"line":255,"column":76}},"118":{"start":{"line":256,"column":2},"end":{"line":256,"column":17}},"119":{"start":{"line":258,"column":2},"end":{"line":261,"column":3}},"120":{"start":{"line":259,"column":3},"end":{"line":259,"column":21}},"121":{"start":{"line":260,"column":3},"end":{"line":260,"column":61}},"122":{"start":{"line":262,"column":2},"end":{"line":269,"column":3}},"123":{"start":{"line":264,"column":3},"end":{"line":264,"column":64}},"124":{"start":{"line":268,"column":3},"end":{"line":268,"column":61}},"125":{"start":{"line":270,"column":2},"end":{"line":270,"column":24}},"126":{"start":{"line":272,"column":1},"end":{"line":289,"column":3}},"127":{"start":{"line":274,"column":2},"end":{"line":274,"column":13}},"128":{"start":{"line":275,"column":2},"end":{"line":287,"column":3}},"129":{"start":{"line":276,"column":3},"end":{"line":283,"column":4}},"130":{"start":{"line":277,"column":4},"end":{"line":277,"column":32}},"131":{"start":{"line":281,"column":4},"end":{"line":281,"column":23}},"132":{"start":{"line":282,"column":4},"end":{"line":282,"column":87}},"133":{"start":{"line":286,"column":3},"end":{"line":286,"column":19}},"134":{"start":{"line":288,"column":2},"end":{"line":288,"column":16}},"135":{"start":{"line":290,"column":1},"end":{"line":299,"column":3}},"136":{"start":{"line":291,"column":2},"end":{"line":291,"column":10}},"137":{"start":{"line":292,"column":2},"end":{"line":298,"column":3}},"138":{"start":{"line":293,"column":3},"end":{"line":297,"column":4}},"139":{"start":{"line":294,"column":4},"end":{"line":296,"column":7}},"140":{"start":{"line":295,"column":5},"end":{"line":295,"column":30}},"141":{"start":{"line":339,"column":0},"end":{"line":339,"column":27}},"142":{"start":{"line":341,"column":0},"end":{"line":341,"column":62}}},"branchMap":{"1":{"line":8,"type":"cond-expr","locations":[{"start":{"line":8,"column":64},"end":{"line":8,"column":80}},{"start":{"line":9,"column":1},"end":{"line":10,"column":41}}]},"2":{"line":8,"type":"binary-expr","locations":[{"start":{"line":8,"column":1},"end":{"line":8,"column":28}},{"start":{"line":8,"column":32},"end":{"line":8,"column":61}}]},"3":{"line":9,"type":"cond-expr","locations":[{"start":{"line":9,"column":46},"end":{"line":9,"column":74}},{"start":{"line":10,"column":2},"end":{"line":10,"column":40}}]},"4":{"line":9,"type":"binary-expr","locations":[{"start":{"line":9,"column":1},"end":{"line":9,"column":29}},{"start":{"line":9,"column":33},"end":{"line":9,"column":43}}]},"5":{"line":10,"type":"binary-expr","locations":[{"start":{"line":10,"column":23},"end":{"line":10,"column":32}},{"start":{"line":10,"column":36},"end":{"line":10,"column":38}}]},"6":{"line":42,"type":"if","locations":[{"start":{"line":42,"column":2},"end":{"line":42,"column":2}},{"start":{"line":42,"column":2},"end":{"line":42,"column":2}}]},"7":{"line":42,"type":"binary-expr","locations":[{"start":{"line":42,"column":5},"end":{"line":42,"column":13}},{"start":{"line":42,"column":15},"end":{"line":42,"column":34}}]},"8":{"line":54,"type":"binary-expr","locations":[{"start":{"line":54,"column":16},"end":{"line":54,"column":24}},{"start":{"line":54,"column":28},"end":{"line":54,"column":41}}]},"9":{"line":55,"type":"binary-expr","locations":[{"start":{"line":55,"column":16},"end":{"line":55,"column":24}},{"start":{"line":55,"column":28},"end":{"line":55,"column":63}}]},"10":{"line":56,"type":"binary-expr","locations":[{"start":{"line":56,"column":16},"end":{"line":56,"column":24}},{"start":{"line":56,"column":28},"end":{"line":56,"column":75}}]},"11":{"line":59,"type":"binary-expr","locations":[{"start":{"line":59,"column":18},"end":{"line":59,"column":26}},{"start":{"line":59,"column":30},"end":{"line":59,"column":32}}]},"12":{"line":63,"type":"if","locations":[{"start":{"line":63,"column":2},"end":{"line":63,"column":2}},{"start":{"line":63,"column":2},"end":{"line":63,"column":2}}]},"13":{"line":72,"type":"if","locations":[{"start":{"line":72,"column":4},"end":{"line":72,"column":4}},{"start":{"line":72,"column":4},"end":{"line":72,"column":4}}]},"14":{"line":75,"type":"if","locations":[{"start":{"line":75,"column":9},"end":{"line":75,"column":9}},{"start":{"line":75,"column":9},"end":{"line":75,"column":9}}]},"15":{"line":78,"type":"if","locations":[{"start":{"line":78,"column":9},"end":{"line":78,"column":9}},{"start":{"line":78,"column":9},"end":{"line":78,"column":9}}]},"16":{"line":81,"type":"if","locations":[{"start":{"line":81,"column":9},"end":{"line":81,"column":9}},{"start":{"line":81,"column":9},"end":{"line":81,"column":9}}]},"17":{"line":108,"type":"binary-expr","locations":[{"start":{"line":108,"column":12},"end":{"line":108,"column":39}},{"start":{"line":108,"column":42},"end":{"line":108,"column":50}}]},"18":{"line":109,"type":"if","locations":[{"start":{"line":109,"column":4},"end":{"line":109,"column":4}},{"start":{"line":109,"column":4},"end":{"line":109,"column":4}}]},"19":{"line":129,"type":"if","locations":[{"start":{"line":129,"column":2},"end":{"line":129,"column":2}},{"start":{"line":129,"column":2},"end":{"line":129,"column":2}}]},"20":{"line":133,"type":"cond-expr","locations":[{"start":{"line":133,"column":52},"end":{"line":133,"column":58}},{"start":{"line":133,"column":59},"end":{"line":133,"column":64}}]},"21":{"line":133,"type":"binary-expr","locations":[{"start":{"line":133,"column":17},"end":{"line":133,"column":28}},{"start":{"line":133,"column":30},"end":{"line":133,"column":50}}]},"22":{"line":139,"type":"binary-expr","locations":[{"start":{"line":139,"column":20},"end":{"line":139,"column":69}},{"start":{"line":139,"column":71},"end":{"line":139,"column":88}}]},"23":{"line":140,"type":"binary-expr","locations":[{"start":{"line":140,"column":16},"end":{"line":140,"column":25}},{"start":{"line":140,"column":27},"end":{"line":140,"column":31}}]},"24":{"line":145,"type":"if","locations":[{"start":{"line":145,"column":2},"end":{"line":145,"column":2}},{"start":{"line":145,"column":2},"end":{"line":145,"column":2}}]},"25":{"line":149,"type":"if","locations":[{"start":{"line":149,"column":2},"end":{"line":149,"column":2}},{"start":{"line":149,"column":2},"end":{"line":149,"column":2}}]},"26":{"line":149,"type":"binary-expr","locations":[{"start":{"line":149,"column":6},"end":{"line":149,"column":15}},{"start":{"line":149,"column":17},"end":{"line":149,"column":29}}]},"27":{"line":160,"type":"if","locations":[{"start":{"line":160,"column":2},"end":{"line":160,"column":2}},{"start":{"line":160,"column":2},"end":{"line":160,"column":2}}]},"28":{"line":164,"type":"if","locations":[{"start":{"line":164,"column":2},"end":{"line":164,"column":2}},{"start":{"line":164,"column":2},"end":{"line":164,"column":2}}]},"29":{"line":164,"type":"binary-expr","locations":[{"start":{"line":164,"column":6},"end":{"line":164,"column":15}},{"start":{"line":164,"column":17},"end":{"line":164,"column":30}}]},"30":{"line":175,"type":"if","locations":[{"start":{"line":175,"column":2},"end":{"line":175,"column":2}},{"start":{"line":175,"column":2},"end":{"line":175,"column":2}}]},"31":{"line":179,"type":"if","locations":[{"start":{"line":179,"column":2},"end":{"line":179,"column":2}},{"start":{"line":179,"column":2},"end":{"line":179,"column":2}}]},"32":{"line":190,"type":"if","locations":[{"start":{"line":190,"column":2},"end":{"line":190,"column":2}},{"start":{"line":190,"column":2},"end":{"line":190,"column":2}}]},"33":{"line":194,"type":"if","locations":[{"start":{"line":194,"column":2},"end":{"line":194,"column":2}},{"start":{"line":194,"column":2},"end":{"line":194,"column":2}}]},"34":{"line":214,"type":"if","locations":[{"start":{"line":214,"column":2},"end":{"line":214,"column":2}},{"start":{"line":214,"column":2},"end":{"line":214,"column":2}}]},"35":{"line":242,"type":"if","locations":[{"start":{"line":242,"column":2},"end":{"line":242,"column":2}},{"start":{"line":242,"column":2},"end":{"line":242,"column":2}}]},"36":{"line":251,"type":"if","locations":[{"start":{"line":251,"column":7},"end":{"line":251,"column":7}},{"start":{"line":251,"column":7},"end":{"line":251,"column":7}}]},"37":{"line":258,"type":"if","locations":[{"start":{"line":258,"column":2},"end":{"line":258,"column":2}},{"start":{"line":258,"column":2},"end":{"line":258,"column":2}}]},"38":{"line":258,"type":"binary-expr","locations":[{"start":{"line":258,"column":5},"end":{"line":258,"column":27}},{"start":{"line":258,"column":31},"end":{"line":258,"column":50}}]},"39":{"line":262,"type":"if","locations":[{"start":{"line":262,"column":2},"end":{"line":262,"column":2}},{"start":{"line":262,"column":2},"end":{"line":262,"column":2}}]},"40":{"line":275,"type":"if","locations":[{"start":{"line":275,"column":2},"end":{"line":275,"column":2}},{"start":{"line":275,"column":2},"end":{"line":275,"column":2}}]},"41":{"line":293,"type":"if","locations":[{"start":{"line":293,"column":3},"end":{"line":293,"column":3}},{"start":{"line":293,"column":3},"end":{"line":293,"column":3}}]}}}}