{"C:\\Applic\\Server\\DBNode-4.0.0-beta-3\\htdocs\\__Projects\\xassist\\submodules\\xassist-ajax\\dist\\xassist-ajax.js":{"path":"C:\\Applic\\Server\\DBNode-4.0.0-beta-3\\htdocs\\__Projects\\xassist\\submodules\\xassist-ajax\\dist\\xassist-ajax.js","s":{"1":1,"2":1,"3":1,"4":1,"5":1,"6":7,"7":0,"8":0,"9":1,"10":1,"11":1,"12":0,"13":1,"14":0,"15":0,"16":0,"17":7,"18":7,"19":7,"20":0,"21":1,"22":0,"23":0,"24":0,"25":0,"26":0,"27":0,"28":0,"29":0,"30":1,"31":6,"32":6,"33":6,"34":0,"35":0,"36":0,"37":0,"38":0,"39":0,"40":0,"41":0,"42":0,"43":0,"44":3,"45":3,"46":3,"47":3,"48":6,"49":6,"50":2,"51":2,"52":2,"53":2,"54":2,"55":1,"56":1,"57":5,"58":0,"59":6,"60":1,"61":6,"62":6,"63":6,"64":6,"65":6,"66":6,"67":6,"68":6,"69":6,"70":6,"71":6,"72":6,"73":1,"74":3,"75":2,"76":3,"77":0,"78":3,"79":1,"80":3,"81":2,"82":3,"83":0,"84":3,"85":1,"86":6,"87":5,"88":6,"89":0,"90":6,"91":1,"92":2,"93":1,"94":2,"95":2,"96":1,"97":6,"98":1,"99":7,"100":7,"101":7,"102":7,"103":1,"104":6,"105":6,"106":6,"107":6,"108":1,"109":12,"110":1,"111":0,"112":1,"113":18,"114":18,"115":6,"116":6,"117":6,"118":12,"119":6,"120":6,"121":6,"122":6,"123":2,"124":2,"125":6,"126":2,"127":4,"128":6,"129":1,"130":2,"131":2,"132":0,"133":0,"134":0,"135":0,"136":2,"137":2,"138":1,"139":18,"140":18,"141":24,"142":24,"143":16,"144":1,"145":1},"b":{"1":[1,0],"2":[1,1],"3":[0,0],"4":[0,0],"5":[0,0],"6":[1,0],"7":[7,0],"8":[7,7],"9":[0,0],"10":[0,0],"11":[0,0],"12":[0,0],"13":[0,0],"14":[0,0],"15":[0,0],"16":[0,0],"17":[0,0],"18":[2,1],"19":[1,1],"20":[6,0],"21":[0,6],"22":[6,0],"23":[6,6],"24":[6,6],"25":[2,1],"26":[0,3],"27":[3,0],"28":[2,1],"29":[0,3],"30":[3,0],"31":[5,1],"32":[0,6],"33":[1,1],"34":[0,2],"35":[7,0],"36":[6,12],"37":[6,6],"38":[2,4],"39":[6,6],"40":[2,4],"41":[0,2],"42":[24,0]},"f":{"1":1,"2":1,"3":1,"4":7,"5":0,"6":0,"7":0,"8":7,"9":0,"10":6,"11":0,"12":3,"13":3,"14":6,"15":2,"16":2,"17":2,"18":5,"19":0,"20":6,"21":3,"22":3,"23":6,"24":2,"25":6,"26":7,"27":6,"28":12,"29":0,"30":18,"31":2,"32":18,"33":16},"fnMap":{"1":{"name":"(anonymous_1)","line":7,"loc":{"start":{"line":7,"column":1},"end":{"line":7,"column":28}}},"2":{"name":"(anonymous_2)","line":11,"loc":{"start":{"line":11,"column":9},"end":{"line":11,"column":28}}},"3":{"name":"(anonymous_3)","line":13,"loc":{"start":{"line":13,"column":16},"end":{"line":13,"column":28}}},"4":{"name":"(anonymous_4)","line":16,"loc":{"start":{"line":16,"column":4},"end":{"line":16,"column":16}}},"5":{"name":"(anonymous_5)","line":19,"loc":{"start":{"line":19,"column":4},"end":{"line":19,"column":16}}},"6":{"name":"(anonymous_6)","line":22,"loc":{"start":{"line":22,"column":4},"end":{"line":22,"column":16}}},"7":{"name":"(anonymous_7)","line":40,"loc":{"start":{"line":40,"column":10},"end":{"line":40,"column":20}}},"8":{"name":"(anonymous_8)","line":43,"loc":{"start":{"line":43,"column":19},"end":{"line":43,"column":39}}},"9":{"name":"getAbsoluteURL","line":56,"loc":{"start":{"line":56,"column":1},"end":{"line":56,"column":39}}},"10":{"name":"xassistAjax","line":72,"loc":{"start":{"line":72,"column":1},"end":{"line":72,"column":31}}},"11":{"name":"(anonymous_11)","line":76,"loc":{"start":{"line":76,"column":6},"end":{"line":76,"column":32}}},"12":{"name":"(anonymous_12)","line":94,"loc":{"start":{"line":94,"column":11},"end":{"line":94,"column":31}}},"13":{"name":"(anonymous_13)","line":98,"loc":{"start":{"line":98,"column":8},"end":{"line":98,"column":28}}},"14":{"name":"(anonymous_14)","line":102,"loc":{"start":{"line":102,"column":10},"end":{"line":102,"column":30}}},"15":{"name":"(anonymous_15)","line":106,"loc":{"start":{"line":106,"column":14},"end":{"line":106,"column":34}}},"16":{"name":"(anonymous_16)","line":110,"loc":{"start":{"line":110,"column":15},"end":{"line":110,"column":25}}},"17":{"name":"(anonymous_17)","line":111,"loc":{"start":{"line":111,"column":15},"end":{"line":111,"column":31}}},"18":{"name":"(anonymous_18)","line":120,"loc":{"start":{"line":120,"column":15},"end":{"line":120,"column":25}}},"19":{"name":"(anonymous_19)","line":121,"loc":{"start":{"line":121,"column":17},"end":{"line":121,"column":27}}},"20":{"name":"AJAXHandler","line":126,"loc":{"start":{"line":126,"column":1},"end":{"line":126,"column":31}}},"21":{"name":"(anonymous_21)","line":149,"loc":{"start":{"line":149,"column":41},"end":{"line":149,"column":67}}},"22":{"name":"(anonymous_22)","line":164,"loc":{"start":{"line":164,"column":38},"end":{"line":164,"column":64}}},"23":{"name":"(anonymous_23)","line":179,"loc":{"start":{"line":179,"column":40},"end":{"line":179,"column":66}}},"24":{"name":"(anonymous_24)","line":194,"loc":{"start":{"line":194,"column":42},"end":{"line":194,"column":68}}},"25":{"name":"(anonymous_25)","line":209,"loc":{"start":{"line":209,"column":38},"end":{"line":209,"column":48}}},"26":{"name":"(anonymous_26)","line":217,"loc":{"start":{"line":217,"column":38},"end":{"line":217,"column":48}}},"27":{"name":"(anonymous_27)","line":224,"loc":{"start":{"line":224,"column":28},"end":{"line":224,"column":40}}},"28":{"name":"(anonymous_28)","line":239,"loc":{"start":{"line":239,"column":38},"end":{"line":239,"column":53}}},"29":{"name":"(anonymous_29)","line":242,"loc":{"start":{"line":242,"column":38},"end":{"line":242,"column":48}}},"30":{"name":"(anonymous_30)","line":245,"loc":{"start":{"line":245,"column":39},"end":{"line":245,"column":49}}},"31":{"name":"(anonymous_31)","line":277,"loc":{"start":{"line":277,"column":33},"end":{"line":277,"column":51}}},"32":{"name":"(anonymous_32)","line":295,"loc":{"start":{"line":295,"column":39},"end":{"line":295,"column":62}}},"33":{"name":"(anonymous_33)","line":299,"loc":{"start":{"line":299,"column":37},"end":{"line":299,"column":49}}}},"statementMap":{"1":{"start":{"line":7,"column":0},"end":{"line":348,"column":5}},"2":{"start":{"line":8,"column":1},"end":{"line":10,"column":42}},"3":{"start":{"line":13,"column":0},"end":{"line":54,"column":73}},"4":{"start":{"line":14,"column":2},"end":{"line":41,"column":3}},"5":{"start":{"line":15,"column":3},"end":{"line":25,"column":5}},"6":{"start":{"line":17,"column":5},"end":{"line":17,"column":33}},"7":{"start":{"line":20,"column":5},"end":{"line":20,"column":55}},"8":{"start":{"line":23,"column":5},"end":{"line":23,"column":58}},"9":{"start":{"line":26,"column":3},"end":{"line":35,"column":4}},"10":{"start":{"line":27,"column":4},"end":{"line":31,"column":5}},"11":{"start":{"line":28,"column":5},"end":{"line":28,"column":18}},"12":{"start":{"line":30,"column":5},"end":{"line":30,"column":14}},"13":{"start":{"line":34,"column":4},"end":{"line":34,"column":22}},"14":{"start":{"line":37,"column":3},"end":{"line":37,"column":67}},"15":{"start":{"line":40,"column":3},"end":{"line":40,"column":36}},"16":{"start":{"line":40,"column":21},"end":{"line":40,"column":34}},"17":{"start":{"line":44,"column":2},"end":{"line":46,"column":38}},"18":{"start":{"line":47,"column":2},"end":{"line":49,"column":3}},"19":{"start":{"line":48,"column":3},"end":{"line":48,"column":24}},"20":{"start":{"line":50,"column":2},"end":{"line":50,"column":37}},"21":{"start":{"line":56,"column":1},"end":{"line":71,"column":2}},"22":{"start":{"line":57,"column":2},"end":{"line":63,"column":18}},"23":{"start":{"line":64,"column":2},"end":{"line":64,"column":33}},"24":{"start":{"line":65,"column":2},"end":{"line":65,"column":22}},"25":{"start":{"line":66,"column":2},"end":{"line":66,"column":32}},"26":{"start":{"line":68,"column":2},"end":{"line":69,"column":38}},"27":{"start":{"line":68,"column":16},"end":{"line":68,"column":41}},"28":{"start":{"line":69,"column":7},"end":{"line":69,"column":38}},"29":{"start":{"line":70,"column":2},"end":{"line":70,"column":22}},"30":{"start":{"line":72,"column":1},"end":{"line":124,"column":2}},"31":{"start":{"line":73,"column":2},"end":{"line":73,"column":41}},"32":{"start":{"line":74,"column":2},"end":{"line":74,"column":9}},"33":{"start":{"line":75,"column":2},"end":{"line":122,"column":4}},"34":{"start":{"line":77,"column":4},"end":{"line":91,"column":5}},"35":{"start":{"line":78,"column":5},"end":{"line":78,"column":44}},"36":{"start":{"line":80,"column":9},"end":{"line":91,"column":5}},"37":{"start":{"line":81,"column":5},"end":{"line":81,"column":41}},"38":{"start":{"line":83,"column":9},"end":{"line":91,"column":5}},"39":{"start":{"line":84,"column":5},"end":{"line":84,"column":45}},"40":{"start":{"line":86,"column":9},"end":{"line":91,"column":5}},"41":{"start":{"line":87,"column":5},"end":{"line":87,"column":43}},"42":{"start":{"line":90,"column":5},"end":{"line":90,"column":56}},"43":{"start":{"line":92,"column":4},"end":{"line":92,"column":14}},"44":{"start":{"line":95,"column":4},"end":{"line":95,"column":43}},"45":{"start":{"line":96,"column":4},"end":{"line":96,"column":14}},"46":{"start":{"line":99,"column":4},"end":{"line":99,"column":40}},"47":{"start":{"line":100,"column":4},"end":{"line":100,"column":14}},"48":{"start":{"line":103,"column":4},"end":{"line":103,"column":42}},"49":{"start":{"line":104,"column":4},"end":{"line":104,"column":14}},"50":{"start":{"line":107,"column":4},"end":{"line":107,"column":44}},"51":{"start":{"line":108,"column":4},"end":{"line":108,"column":14}},"52":{"start":{"line":110,"column":26},"end":{"line":110,"column":55}},"53":{"start":{"line":113,"column":4},"end":{"line":113,"column":51}},"54":{"start":{"line":114,"column":4},"end":{"line":116,"column":5}},"55":{"start":{"line":115,"column":5},"end":{"line":115,"column":38}},"56":{"start":{"line":118,"column":4},"end":{"line":118,"column":31}},"57":{"start":{"line":120,"column":27},"end":{"line":120,"column":42}},"58":{"start":{"line":121,"column":29},"end":{"line":121,"column":48}},"59":{"start":{"line":123,"column":2},"end":{"line":123,"column":12}},"60":{"start":{"line":126,"column":1},"end":{"line":148,"column":2}},"61":{"start":{"line":127,"column":2},"end":{"line":127,"column":73}},"62":{"start":{"line":128,"column":2},"end":{"line":133,"column":4}},"63":{"start":{"line":134,"column":2},"end":{"line":136,"column":3}},"64":{"start":{"line":135,"column":3},"end":{"line":135,"column":11}},"65":{"start":{"line":137,"column":2},"end":{"line":137,"column":15}},"66":{"start":{"line":138,"column":2},"end":{"line":138,"column":66}},"67":{"start":{"line":140,"column":2},"end":{"line":140,"column":18}},"68":{"start":{"line":141,"column":2},"end":{"line":141,"column":21}},"69":{"start":{"line":142,"column":2},"end":{"line":142,"column":24}},"70":{"start":{"line":144,"column":2},"end":{"line":144,"column":89}},"71":{"start":{"line":145,"column":2},"end":{"line":145,"column":32}},"72":{"start":{"line":147,"column":2},"end":{"line":147,"column":14}},"73":{"start":{"line":149,"column":1},"end":{"line":163,"column":3}},"74":{"start":{"line":150,"column":2},"end":{"line":152,"column":3}},"75":{"start":{"line":151,"column":3},"end":{"line":151,"column":20}},"76":{"start":{"line":154,"column":2},"end":{"line":162,"column":3}},"77":{"start":{"line":156,"column":3},"end":{"line":156,"column":45}},"78":{"start":{"line":160,"column":3},"end":{"line":160,"column":51}},"79":{"start":{"line":164,"column":1},"end":{"line":178,"column":3}},"80":{"start":{"line":165,"column":2},"end":{"line":167,"column":3}},"81":{"start":{"line":166,"column":3},"end":{"line":166,"column":20}},"82":{"start":{"line":169,"column":2},"end":{"line":177,"column":3}},"83":{"start":{"line":171,"column":3},"end":{"line":171,"column":45}},"84":{"start":{"line":175,"column":3},"end":{"line":175,"column":48}},"85":{"start":{"line":179,"column":1},"end":{"line":193,"column":3}},"86":{"start":{"line":180,"column":2},"end":{"line":182,"column":3}},"87":{"start":{"line":181,"column":3},"end":{"line":181,"column":20}},"88":{"start":{"line":184,"column":2},"end":{"line":192,"column":3}},"89":{"start":{"line":186,"column":3},"end":{"line":186,"column":45}},"90":{"start":{"line":190,"column":3},"end":{"line":190,"column":50}},"91":{"start":{"line":194,"column":1},"end":{"line":208,"column":3}},"92":{"start":{"line":195,"column":2},"end":{"line":197,"column":3}},"93":{"start":{"line":196,"column":3},"end":{"line":196,"column":20}},"94":{"start":{"line":199,"column":2},"end":{"line":207,"column":3}},"95":{"start":{"line":205,"column":3},"end":{"line":205,"column":52}},"96":{"start":{"line":209,"column":1},"end":{"line":216,"column":3}},"97":{"start":{"line":210,"column":2},"end":{"line":215,"column":4}},"98":{"start":{"line":217,"column":1},"end":{"line":223,"column":3}},"99":{"start":{"line":218,"column":2},"end":{"line":218,"column":68}},"100":{"start":{"line":219,"column":2},"end":{"line":221,"column":3}},"101":{"start":{"line":220,"column":3},"end":{"line":220,"column":52}},"102":{"start":{"line":222,"column":2},"end":{"line":222,"column":16}},"103":{"start":{"line":224,"column":1},"end":{"line":237,"column":3}},"104":{"start":{"line":225,"column":2},"end":{"line":225,"column":72}},"105":{"start":{"line":226,"column":2},"end":{"line":226,"column":45}},"106":{"start":{"line":235,"column":2},"end":{"line":235,"column":64}},"107":{"start":{"line":236,"column":2},"end":{"line":236,"column":31}},"108":{"start":{"line":239,"column":1},"end":{"line":241,"column":3}},"109":{"start":{"line":240,"column":2},"end":{"line":240,"column":45}},"110":{"start":{"line":242,"column":1},"end":{"line":244,"column":3}},"111":{"start":{"line":243,"column":2},"end":{"line":243,"column":34}},"112":{"start":{"line":245,"column":1},"end":{"line":276,"column":3}},"113":{"start":{"line":246,"column":2},"end":{"line":246,"column":18}},"114":{"start":{"line":247,"column":2},"end":{"line":258,"column":3}},"115":{"start":{"line":249,"column":3},"end":{"line":249,"column":69}},"116":{"start":{"line":250,"column":3},"end":{"line":253,"column":5}},"117":{"start":{"line":254,"column":3},"end":{"line":254,"column":10}},"118":{"start":{"line":256,"column":7},"end":{"line":258,"column":3}},"119":{"start":{"line":257,"column":3},"end":{"line":257,"column":10}},"120":{"start":{"line":260,"column":2},"end":{"line":260,"column":76}},"121":{"start":{"line":261,"column":2},"end":{"line":261,"column":17}},"122":{"start":{"line":263,"column":2},"end":{"line":266,"column":3}},"123":{"start":{"line":264,"column":3},"end":{"line":264,"column":21}},"124":{"start":{"line":265,"column":3},"end":{"line":265,"column":61}},"125":{"start":{"line":267,"column":2},"end":{"line":274,"column":3}},"126":{"start":{"line":269,"column":3},"end":{"line":269,"column":64}},"127":{"start":{"line":273,"column":3},"end":{"line":273,"column":61}},"128":{"start":{"line":275,"column":2},"end":{"line":275,"column":24}},"129":{"start":{"line":277,"column":1},"end":{"line":294,"column":3}},"130":{"start":{"line":279,"column":2},"end":{"line":279,"column":13}},"131":{"start":{"line":280,"column":2},"end":{"line":292,"column":3}},"132":{"start":{"line":281,"column":3},"end":{"line":288,"column":4}},"133":{"start":{"line":282,"column":4},"end":{"line":282,"column":32}},"134":{"start":{"line":286,"column":4},"end":{"line":286,"column":23}},"135":{"start":{"line":287,"column":4},"end":{"line":287,"column":87}},"136":{"start":{"line":291,"column":3},"end":{"line":291,"column":19}},"137":{"start":{"line":293,"column":2},"end":{"line":293,"column":16}},"138":{"start":{"line":295,"column":1},"end":{"line":304,"column":3}},"139":{"start":{"line":296,"column":2},"end":{"line":296,"column":10}},"140":{"start":{"line":297,"column":2},"end":{"line":303,"column":3}},"141":{"start":{"line":298,"column":3},"end":{"line":302,"column":4}},"142":{"start":{"line":299,"column":4},"end":{"line":301,"column":7}},"143":{"start":{"line":300,"column":5},"end":{"line":300,"column":30}},"144":{"start":{"line":344,"column":0},"end":{"line":344,"column":27}},"145":{"start":{"line":346,"column":0},"end":{"line":346,"column":62}}},"branchMap":{"1":{"line":8,"type":"cond-expr","locations":[{"start":{"line":8,"column":64},"end":{"line":8,"column":80}},{"start":{"line":9,"column":1},"end":{"line":10,"column":41}}]},"2":{"line":8,"type":"binary-expr","locations":[{"start":{"line":8,"column":1},"end":{"line":8,"column":28}},{"start":{"line":8,"column":32},"end":{"line":8,"column":61}}]},"3":{"line":9,"type":"cond-expr","locations":[{"start":{"line":9,"column":46},"end":{"line":9,"column":74}},{"start":{"line":10,"column":2},"end":{"line":10,"column":40}}]},"4":{"line":9,"type":"binary-expr","locations":[{"start":{"line":9,"column":1},"end":{"line":9,"column":29}},{"start":{"line":9,"column":33},"end":{"line":9,"column":43}}]},"5":{"line":10,"type":"binary-expr","locations":[{"start":{"line":10,"column":23},"end":{"line":10,"column":32}},{"start":{"line":10,"column":36},"end":{"line":10,"column":38}}]},"6":{"line":14,"type":"if","locations":[{"start":{"line":14,"column":2},"end":{"line":14,"column":2}},{"start":{"line":14,"column":2},"end":{"line":14,"column":2}}]},"7":{"line":47,"type":"if","locations":[{"start":{"line":47,"column":2},"end":{"line":47,"column":2}},{"start":{"line":47,"column":2},"end":{"line":47,"column":2}}]},"8":{"line":47,"type":"binary-expr","locations":[{"start":{"line":47,"column":5},"end":{"line":47,"column":13}},{"start":{"line":47,"column":15},"end":{"line":47,"column":34}}]},"9":{"line":59,"type":"binary-expr","locations":[{"start":{"line":59,"column":16},"end":{"line":59,"column":24}},{"start":{"line":59,"column":28},"end":{"line":59,"column":41}}]},"10":{"line":60,"type":"binary-expr","locations":[{"start":{"line":60,"column":16},"end":{"line":60,"column":24}},{"start":{"line":60,"column":28},"end":{"line":60,"column":63}}]},"11":{"line":61,"type":"binary-expr","locations":[{"start":{"line":61,"column":16},"end":{"line":61,"column":24}},{"start":{"line":61,"column":28},"end":{"line":61,"column":75}}]},"12":{"line":64,"type":"binary-expr","locations":[{"start":{"line":64,"column":18},"end":{"line":64,"column":26}},{"start":{"line":64,"column":30},"end":{"line":64,"column":32}}]},"13":{"line":68,"type":"if","locations":[{"start":{"line":68,"column":2},"end":{"line":68,"column":2}},{"start":{"line":68,"column":2},"end":{"line":68,"column":2}}]},"14":{"line":77,"type":"if","locations":[{"start":{"line":77,"column":4},"end":{"line":77,"column":4}},{"start":{"line":77,"column":4},"end":{"line":77,"column":4}}]},"15":{"line":80,"type":"if","locations":[{"start":{"line":80,"column":9},"end":{"line":80,"column":9}},{"start":{"line":80,"column":9},"end":{"line":80,"column":9}}]},"16":{"line":83,"type":"if","locations":[{"start":{"line":83,"column":9},"end":{"line":83,"column":9}},{"start":{"line":83,"column":9},"end":{"line":83,"column":9}}]},"17":{"line":86,"type":"if","locations":[{"start":{"line":86,"column":9},"end":{"line":86,"column":9}},{"start":{"line":86,"column":9},"end":{"line":86,"column":9}}]},"18":{"line":113,"type":"binary-expr","locations":[{"start":{"line":113,"column":12},"end":{"line":113,"column":39}},{"start":{"line":113,"column":42},"end":{"line":113,"column":50}}]},"19":{"line":114,"type":"if","locations":[{"start":{"line":114,"column":4},"end":{"line":114,"column":4}},{"start":{"line":114,"column":4},"end":{"line":114,"column":4}}]},"20":{"line":134,"type":"if","locations":[{"start":{"line":134,"column":2},"end":{"line":134,"column":2}},{"start":{"line":134,"column":2},"end":{"line":134,"column":2}}]},"21":{"line":138,"type":"cond-expr","locations":[{"start":{"line":138,"column":52},"end":{"line":138,"column":58}},{"start":{"line":138,"column":59},"end":{"line":138,"column":64}}]},"22":{"line":138,"type":"binary-expr","locations":[{"start":{"line":138,"column":17},"end":{"line":138,"column":28}},{"start":{"line":138,"column":30},"end":{"line":138,"column":50}}]},"23":{"line":144,"type":"binary-expr","locations":[{"start":{"line":144,"column":20},"end":{"line":144,"column":69}},{"start":{"line":144,"column":71},"end":{"line":144,"column":88}}]},"24":{"line":145,"type":"binary-expr","locations":[{"start":{"line":145,"column":16},"end":{"line":145,"column":25}},{"start":{"line":145,"column":27},"end":{"line":145,"column":31}}]},"25":{"line":150,"type":"if","locations":[{"start":{"line":150,"column":2},"end":{"line":150,"column":2}},{"start":{"line":150,"column":2},"end":{"line":150,"column":2}}]},"26":{"line":154,"type":"if","locations":[{"start":{"line":154,"column":2},"end":{"line":154,"column":2}},{"start":{"line":154,"column":2},"end":{"line":154,"column":2}}]},"27":{"line":154,"type":"binary-expr","locations":[{"start":{"line":154,"column":6},"end":{"line":154,"column":15}},{"start":{"line":154,"column":17},"end":{"line":154,"column":29}}]},"28":{"line":165,"type":"if","locations":[{"start":{"line":165,"column":2},"end":{"line":165,"column":2}},{"start":{"line":165,"column":2},"end":{"line":165,"column":2}}]},"29":{"line":169,"type":"if","locations":[{"start":{"line":169,"column":2},"end":{"line":169,"column":2}},{"start":{"line":169,"column":2},"end":{"line":169,"column":2}}]},"30":{"line":169,"type":"binary-expr","locations":[{"start":{"line":169,"column":6},"end":{"line":169,"column":15}},{"start":{"line":169,"column":17},"end":{"line":169,"column":30}}]},"31":{"line":180,"type":"if","locations":[{"start":{"line":180,"column":2},"end":{"line":180,"column":2}},{"start":{"line":180,"column":2},"end":{"line":180,"column":2}}]},"32":{"line":184,"type":"if","locations":[{"start":{"line":184,"column":2},"end":{"line":184,"column":2}},{"start":{"line":184,"column":2},"end":{"line":184,"column":2}}]},"33":{"line":195,"type":"if","locations":[{"start":{"line":195,"column":2},"end":{"line":195,"column":2}},{"start":{"line":195,"column":2},"end":{"line":195,"column":2}}]},"34":{"line":199,"type":"if","locations":[{"start":{"line":199,"column":2},"end":{"line":199,"column":2}},{"start":{"line":199,"column":2},"end":{"line":199,"column":2}}]},"35":{"line":219,"type":"if","locations":[{"start":{"line":219,"column":2},"end":{"line":219,"column":2}},{"start":{"line":219,"column":2},"end":{"line":219,"column":2}}]},"36":{"line":247,"type":"if","locations":[{"start":{"line":247,"column":2},"end":{"line":247,"column":2}},{"start":{"line":247,"column":2},"end":{"line":247,"column":2}}]},"37":{"line":256,"type":"if","locations":[{"start":{"line":256,"column":7},"end":{"line":256,"column":7}},{"start":{"line":256,"column":7},"end":{"line":256,"column":7}}]},"38":{"line":263,"type":"if","locations":[{"start":{"line":263,"column":2},"end":{"line":263,"column":2}},{"start":{"line":263,"column":2},"end":{"line":263,"column":2}}]},"39":{"line":263,"type":"binary-expr","locations":[{"start":{"line":263,"column":5},"end":{"line":263,"column":27}},{"start":{"line":263,"column":31},"end":{"line":263,"column":50}}]},"40":{"line":267,"type":"if","locations":[{"start":{"line":267,"column":2},"end":{"line":267,"column":2}},{"start":{"line":267,"column":2},"end":{"line":267,"column":2}}]},"41":{"line":280,"type":"if","locations":[{"start":{"line":280,"column":2},"end":{"line":280,"column":2}},{"start":{"line":280,"column":2},"end":{"line":280,"column":2}}]},"42":{"line":298,"type":"if","locations":[{"start":{"line":298,"column":3},"end":{"line":298,"column":3}},{"start":{"line":298,"column":3},"end":{"line":298,"column":3}}]}}}}