TN:
SF:C:\Applic\Server\DBNode-4.0.0-beta-3\htdocs\__Projects\xassist\submodules\xassist-ajax\dist\xassist-ajax.js
FN:7,(anonymous_1)
FN:11,(anonymous_2)
FN:13,(anonymous_3)
FN:16,(anonymous_4)
FN:19,(anonymous_5)
FN:22,(anonymous_6)
FN:40,(anonymous_7)
FN:43,(anonymous_8)
FN:56,getAbsoluteURL
FN:72,xassistAjax
FN:76,(anonymous_11)
FN:94,(anonymous_12)
FN:98,(anonymous_13)
FN:102,(anonymous_14)
FN:106,(anonymous_15)
FN:110,(anonymous_16)
FN:111,(anonymous_17)
FN:120,(anonymous_18)
FN:121,(anonymous_19)
FN:126,AJAXHandler
FN:149,(anonymous_21)
FN:164,(anonymous_22)
FN:179,(anonymous_23)
FN:194,(anonymous_24)
FN:209,(anonymous_25)
FN:217,(anonymous_26)
FN:224,(anonymous_27)
FN:239,(anonymous_28)
FN:242,(anonymous_29)
FN:245,(anonymous_30)
FN:277,(anonymous_31)
FN:295,(anonymous_32)
FN:299,(anonymous_33)
FNF:33
FNH:26
FNDA:1,(anonymous_1)
FNDA:1,(anonymous_2)
FNDA:1,(anonymous_3)
FNDA:7,(anonymous_4)
FNDA:0,(anonymous_5)
FNDA:0,(anonymous_6)
FNDA:0,(anonymous_7)
FNDA:7,(anonymous_8)
FNDA:0,getAbsoluteURL
FNDA:6,xassistAjax
FNDA:0,(anonymous_11)
FNDA:3,(anonymous_12)
FNDA:3,(anonymous_13)
FNDA:6,(anonymous_14)
FNDA:2,(anonymous_15)
FNDA:2,(anonymous_16)
FNDA:2,(anonymous_17)
FNDA:5,(anonymous_18)
FNDA:0,(anonymous_19)
FNDA:6,AJAXHandler
FNDA:3,(anonymous_21)
FNDA:3,(anonymous_22)
FNDA:6,(anonymous_23)
FNDA:2,(anonymous_24)
FNDA:6,(anonymous_25)
FNDA:7,(anonymous_26)
FNDA:6,(anonymous_27)
FNDA:12,(anonymous_28)
FNDA:0,(anonymous_29)
FNDA:18,(anonymous_30)
FNDA:2,(anonymous_31)
FNDA:18,(anonymous_32)
FNDA:16,(anonymous_33)
DA:7,1
DA:8,1
DA:13,1
DA:14,1
DA:15,1
DA:17,7
DA:20,0
DA:23,0
DA:26,1
DA:27,1
DA:28,1
DA:30,0
DA:34,1
DA:37,0
DA:40,0
DA:44,7
DA:47,7
DA:48,7
DA:50,0
DA:56,1
DA:57,0
DA:64,0
DA:65,0
DA:66,0
DA:68,0
DA:69,0
DA:70,0
DA:72,1
DA:73,6
DA:74,6
DA:75,6
DA:77,0
DA:78,0
DA:80,0
DA:81,0
DA:83,0
DA:84,0
DA:86,0
DA:87,0
DA:90,0
DA:92,0
DA:95,3
DA:96,3
DA:99,3
DA:100,3
DA:103,6
DA:104,6
DA:107,2
DA:108,2
DA:110,2
DA:113,2
DA:114,2
DA:115,1
DA:118,1
DA:120,5
DA:121,0
DA:123,6
DA:126,1
DA:127,6
DA:128,6
DA:134,6
DA:135,6
DA:137,6
DA:138,6
DA:140,6
DA:141,6
DA:142,6
DA:144,6
DA:145,6
DA:147,6
DA:149,1
DA:150,3
DA:151,2
DA:154,3
DA:156,0
DA:160,3
DA:164,1
DA:165,3
DA:166,2
DA:169,3
DA:171,0
DA:175,3
DA:179,1
DA:180,6
DA:181,5
DA:184,6
DA:186,0
DA:190,6
DA:194,1
DA:195,2
DA:196,1
DA:199,2
DA:205,2
DA:209,1
DA:210,6
DA:217,1
DA:218,7
DA:219,7
DA:220,7
DA:222,7
DA:224,1
DA:225,6
DA:226,6
DA:235,6
DA:236,6
DA:239,1
DA:240,12
DA:242,1
DA:243,0
DA:245,1
DA:246,18
DA:247,18
DA:249,6
DA:250,6
DA:254,6
DA:256,12
DA:257,6
DA:260,6
DA:261,6
DA:263,6
DA:264,2
DA:265,2
DA:267,6
DA:269,2
DA:273,4
DA:275,6
DA:277,1
DA:279,2
DA:280,2
DA:281,0
DA:282,0
DA:286,0
DA:287,0
DA:291,2
DA:293,2
DA:295,1
DA:296,18
DA:297,18
DA:298,24
DA:299,24
DA:300,16
DA:344,1
DA:346,1
LF:143
LH:111
BRDA:8,1,0,1
BRDA:8,1,1,0
BRDA:8,2,0,1
BRDA:8,2,1,1
BRDA:9,3,0,0
BRDA:9,3,1,0
BRDA:9,4,0,0
BRDA:9,4,1,0
BRDA:10,5,0,0
BRDA:10,5,1,0
BRDA:14,6,0,1
BRDA:14,6,1,0
BRDA:47,7,0,7
BRDA:47,7,1,0
BRDA:47,8,0,7
BRDA:47,8,1,7
BRDA:59,9,0,0
BRDA:59,9,1,0
BRDA:60,10,0,0
BRDA:60,10,1,0
BRDA:61,11,0,0
BRDA:61,11,1,0
BRDA:64,12,0,0
BRDA:64,12,1,0
BRDA:68,13,0,0
BRDA:68,13,1,0
BRDA:77,14,0,0
BRDA:77,14,1,0
BRDA:80,15,0,0
BRDA:80,15,1,0
BRDA:83,16,0,0
BRDA:83,16,1,0
BRDA:86,17,0,0
BRDA:86,17,1,0
BRDA:113,18,0,2
BRDA:113,18,1,1
BRDA:114,19,0,1
BRDA:114,19,1,1
BRDA:134,20,0,6
BRDA:134,20,1,0
BRDA:138,21,0,0
BRDA:138,21,1,6
BRDA:138,22,0,6
BRDA:138,22,1,0
BRDA:144,23,0,6
BRDA:144,23,1,6
BRDA:145,24,0,6
BRDA:145,24,1,6
BRDA:150,25,0,2
BRDA:150,25,1,1
BRDA:154,26,0,0
BRDA:154,26,1,3
BRDA:154,27,0,3
BRDA:154,27,1,0
BRDA:165,28,0,2
BRDA:165,28,1,1
BRDA:169,29,0,0
BRDA:169,29,1,3
BRDA:169,30,0,3
BRDA:169,30,1,0
BRDA:180,31,0,5
BRDA:180,31,1,1
BRDA:184,32,0,0
BRDA:184,32,1,6
BRDA:195,33,0,1
BRDA:195,33,1,1
BRDA:199,34,0,0
BRDA:199,34,1,2
BRDA:219,35,0,7
BRDA:219,35,1,0
BRDA:247,36,0,6
BRDA:247,36,1,12
BRDA:256,37,0,6
BRDA:256,37,1,6
BRDA:263,38,0,2
BRDA:263,38,1,4
BRDA:263,39,0,6
BRDA:263,39,1,6
BRDA:267,40,0,2
BRDA:267,40,1,4
BRDA:280,41,0,0
BRDA:280,41,1,2
BRDA:298,42,0,24
BRDA:298,42,1,0
BRF:84
BRH:45
end_of_record
