TN:
SF:C:\Applic\Server\DBNode-4.0.0-beta-3\htdocs\__Projects\xassist\submodules\xassist-ajax\dist\xassist-ajax.js
FN:7,(anonymous_1)
FN:11,(anonymous_2)
FN:13,(anonymous_3)
FN:15,(anonymous_4)
FN:18,(anonymous_5)
FN:21,(anonymous_6)
FN:38,(anonymous_7)
FN:51,getAbsoluteURL
FN:67,xassistAjax
FN:71,(anonymous_10)
FN:89,(anonymous_11)
FN:93,(anonymous_12)
FN:97,(anonymous_13)
FN:101,(anonymous_14)
FN:105,(anonymous_15)
FN:106,(anonymous_16)
FN:115,(anonymous_17)
FN:116,(anonymous_18)
FN:121,AJAXHandler
FN:144,(anonymous_20)
FN:159,(anonymous_21)
FN:174,(anonymous_22)
FN:189,(anonymous_23)
FN:204,(anonymous_24)
FN:212,(anonymous_25)
FN:219,(anonymous_26)
FN:234,(anonymous_27)
FN:237,(anonymous_28)
FN:240,(anonymous_29)
FN:272,(anonymous_30)
FN:290,(anonymous_31)
FN:294,(anonymous_32)
FNF:32
FNH:26
FNDA:1,(anonymous_1)
FNDA:1,(anonymous_2)
FNDA:1,(anonymous_3)
FNDA:7,(anonymous_4)
FNDA:0,(anonymous_5)
FNDA:0,(anonymous_6)
FNDA:7,(anonymous_7)
FNDA:0,getAbsoluteURL
FNDA:6,xassistAjax
FNDA:0,(anonymous_10)
FNDA:3,(anonymous_11)
FNDA:3,(anonymous_12)
FNDA:6,(anonymous_13)
FNDA:2,(anonymous_14)
FNDA:2,(anonymous_15)
FNDA:2,(anonymous_16)
FNDA:5,(anonymous_17)
FNDA:0,(anonymous_18)
FNDA:6,AJAXHandler
FNDA:3,(anonymous_20)
FNDA:3,(anonymous_21)
FNDA:6,(anonymous_22)
FNDA:2,(anonymous_23)
FNDA:6,(anonymous_24)
FNDA:7,(anonymous_25)
FNDA:6,(anonymous_26)
FNDA:12,(anonymous_27)
FNDA:0,(anonymous_28)
FNDA:18,(anonymous_29)
FNDA:2,(anonymous_30)
FNDA:18,(anonymous_31)
FNDA:16,(anonymous_32)
DA:7,1
DA:8,1
DA:13,1
DA:14,1
DA:16,7
DA:19,0
DA:22,0
DA:25,1
DA:26,1
DA:27,1
DA:29,0
DA:33,1
DA:36,0
DA:39,7
DA:42,7
DA:43,7
DA:45,0
DA:51,1
DA:52,0
DA:59,0
DA:60,0
DA:61,0
DA:63,0
DA:64,0
DA:65,0
DA:67,1
DA:68,6
DA:69,6
DA:70,6
DA:72,0
DA:73,0
DA:75,0
DA:76,0
DA:78,0
DA:79,0
DA:81,0
DA:82,0
DA:85,0
DA:87,0
DA:90,3
DA:91,3
DA:94,3
DA:95,3
DA:98,6
DA:99,6
DA:102,2
DA:103,2
DA:105,2
DA:108,2
DA:109,2
DA:110,1
DA:113,1
DA:115,5
DA:116,0
DA:118,6
DA:121,1
DA:122,6
DA:123,6
DA:129,6
DA:130,6
DA:132,6
DA:133,6
DA:135,6
DA:136,6
DA:137,6
DA:139,6
DA:140,6
DA:142,6
DA:144,1
DA:145,3
DA:146,2
DA:149,3
DA:151,0
DA:155,3
DA:159,1
DA:160,3
DA:161,2
DA:164,3
DA:166,0
DA:170,3
DA:174,1
DA:175,6
DA:176,5
DA:179,6
DA:181,0
DA:185,6
DA:189,1
DA:190,2
DA:191,1
DA:194,2
DA:200,2
DA:204,1
DA:205,6
DA:212,1
DA:213,7
DA:214,7
DA:215,7
DA:217,7
DA:219,1
DA:220,6
DA:221,6
DA:230,6
DA:231,6
DA:234,1
DA:235,12
DA:237,1
DA:238,0
DA:240,1
DA:241,18
DA:242,18
DA:244,6
DA:245,6
DA:249,6
DA:251,12
DA:252,6
DA:255,6
DA:256,6
DA:258,6
DA:259,2
DA:260,2
DA:262,6
DA:264,2
DA:268,4
DA:270,6
DA:272,1
DA:274,2
DA:275,2
DA:276,0
DA:277,0
DA:281,0
DA:282,0
DA:286,2
DA:288,2
DA:290,1
DA:291,18
DA:292,18
DA:293,24
DA:294,24
DA:295,16
DA:339,1
DA:341,1
LF:141
LH:110
BRDA:8,1,0,1
BRDA:8,1,1,0
BRDA:8,2,0,1
BRDA:8,2,1,1
BRDA:9,3,0,0
BRDA:9,3,1,0
BRDA:9,4,0,0
BRDA:9,4,1,0
BRDA:10,5,0,0
BRDA:10,5,1,0
BRDA:42,6,0,7
BRDA:42,6,1,0
BRDA:42,7,0,7
BRDA:42,7,1,7
BRDA:54,8,0,0
BRDA:54,8,1,0
BRDA:55,9,0,0
BRDA:55,9,1,0
BRDA:56,10,0,0
BRDA:56,10,1,0
BRDA:59,11,0,0
BRDA:59,11,1,0
BRDA:63,12,0,0
BRDA:63,12,1,0
BRDA:72,13,0,0
BRDA:72,13,1,0
BRDA:75,14,0,0
BRDA:75,14,1,0
BRDA:78,15,0,0
BRDA:78,15,1,0
BRDA:81,16,0,0
BRDA:81,16,1,0
BRDA:108,17,0,2
BRDA:108,17,1,1
BRDA:109,18,0,1
BRDA:109,18,1,1
BRDA:129,19,0,6
BRDA:129,19,1,0
BRDA:133,20,0,0
BRDA:133,20,1,6
BRDA:133,21,0,6
BRDA:133,21,1,0
BRDA:139,22,0,6
BRDA:139,22,1,6
BRDA:140,23,0,6
BRDA:140,23,1,6
BRDA:145,24,0,2
BRDA:145,24,1,1
BRDA:149,25,0,0
BRDA:149,25,1,3
BRDA:149,26,0,3
BRDA:149,26,1,0
BRDA:160,27,0,2
BRDA:160,27,1,1
BRDA:164,28,0,0
BRDA:164,28,1,3
BRDA:164,29,0,3
BRDA:164,29,1,0
BRDA:175,30,0,5
BRDA:175,30,1,1
BRDA:179,31,0,0
BRDA:179,31,1,6
BRDA:190,32,0,1
BRDA:190,32,1,1
BRDA:194,33,0,0
BRDA:194,33,1,2
BRDA:214,34,0,7
BRDA:214,34,1,0
BRDA:242,35,0,6
BRDA:242,35,1,12
BRDA:251,36,0,6
BRDA:251,36,1,6
BRDA:258,37,0,2
BRDA:258,37,1,4
BRDA:258,38,0,6
BRDA:258,38,1,6
BRDA:262,39,0,2
BRDA:262,39,1,4
BRDA:275,40,0,0
BRDA:275,40,1,2
BRDA:293,41,0,24
BRDA:293,41,1,0
BRF:82
BRH:44
end_of_record
